<?xml version="1.0" encoding="UTF-8"?>
<!-- Generated by org.testng.reporters.JUnitXMLReporter -->
<testsuite ignored="0" hostname="BLR2-5CG1327HQ2" failures="0" tests="4" name="Default test" time="0.382" errors="0" timestamp="2023-04-20T19:30:25 IST">
  <testcase classname="GithubProject.Base.WebDriver" name="@BeforeClass driverRun" time="-1.681999225503E9">
    <failure type="org.testng.TestNGException" message="
Parameter &amp;apos;edge&amp;apos; is required by BeforeClass on method driverRun but has not been marked @Optional or defined
in C:\Users\kmruge\AppData\Local\Temp\testng-eclipse--1978150658\testng-customsuite.xml">
      <![CDATA[org.testng.TestNGException: 
Parameter 'edge' is required by BeforeClass on method driverRun but has not been marked @Optional or defined
in C:\Users\kmruge\AppData\Local\Temp\testng-eclipse--1978150658\testng-customsuite.xml
at org.testng.internal.Parameters.createParams(Parameters.java:270)
at org.testng.internal.Parameters.createParametersForMethod(Parameters.java:358)
at org.testng.internal.Parameters.createParameters(Parameters.java:700)
at org.testng.internal.Parameters.createConfigurationParameters(Parameters.java:168)
at org.testng.internal.ConfigInvoker.invokeConfigurations(ConfigInvoker.java:302)
at org.testng.internal.TestMethodWorker.invokeBeforeClassMethods(TestMethodWorker.java:176)
at org.testng.internal.TestMethodWorker.run(TestMethodWorker.java:122)
at java.base/java.util.ArrayList.forEach(ArrayList.java:1511)
at org.testng.TestRunner.privateRun(TestRunner.java:794)
at org.testng.TestRunner.run(TestRunner.java:596)
at org.testng.SuiteRunner.runTest(SuiteRunner.java:377)
at org.testng.SuiteRunner.runSequentially(SuiteRunner.java:371)
at org.testng.SuiteRunner.privateRun(SuiteRunner.java:332)
at org.testng.SuiteRunner.run(SuiteRunner.java:276)
at org.testng.SuiteRunnerWorker.runSuite(SuiteRunnerWorker.java:53)
at org.testng.SuiteRunnerWorker.run(SuiteRunnerWorker.java:96)
at org.testng.TestNG.runSuitesSequentially(TestNG.java:1212)
at org.testng.TestNG.runSuitesLocally(TestNG.java:1134)
at org.testng.TestNG.runSuites(TestNG.java:1063)
at org.testng.TestNG.run(TestNG.java:1031)
at org.testng.remote.AbstractRemoteTestNG.run(AbstractRemoteTestNG.java:115)
at org.testng.remote.RemoteTestNG.initAndRun(RemoteTestNG.java:251)
at org.testng.remote.RemoteTestNG.main(RemoteTestNG.java:77)
]]>
    </failure>
  </testcase> <!-- @BeforeClass driverRun -->
  <testcase classname="GithubProject.test.TestCase" name="@BeforeClass Instance" time="-1.681999225516E9">
    <skipped/>
  </testcase> <!-- @BeforeClass Instance -->
  <testcase classname="GithubProject.Base.WebDriver" name="@AfterMethod tearDown" time="-1.681999225539E9">
    <skipped/>
  </testcase> <!-- @AfterMethod tearDown -->
  <testcase classname="GithubProject.Base.WebDriver" name="@AfterMethod tearDown" time="-1.681999225547E9">
    <skipped/>
  </testcase> <!-- @AfterMethod tearDown -->
  <testcase classname="GithubProject.Base.WebDriver" name="@AfterMethod tearDown" time="-1.681999225551E9">
    <skipped/>
  </testcase> <!-- @AfterMethod tearDown -->
  <testcase classname="GithubProject.Base.WebDriver" name="@AfterMethod tearDown" time="-1.681999225556E9">
    <skipped/>
  </testcase> <!-- @AfterMethod tearDown -->
  <testcase classname="GithubProject.Base.WebDriver" name="@AfterTest flush" time="-1.681999225558E9">
    <skipped/>
  </testcase> <!-- @AfterTest flush -->
  <testcase classname="GithubProject.test.TestCase" name="login" time="0.0">
    <skipped/>
  </testcase> <!-- login -->
  <testcase classname="GithubProject.test.TestCase" name="RepoCreate" time="0.0">
    <skipped/>
  </testcase> <!-- RepoCreate -->
  <testcase classname="GithubProject.test.TestCase" name="deleteRepo" time="0.0">
    <skipped/>
  </testcase> <!-- deleteRepo -->
  <testcase classname="GithubProject.test.TestCase" name="editProfile" time="0.0">
    <skipped/>
  </testcase> <!-- editProfile -->
</testsuite> <!-- Default test -->
